<?xml version="1.0" encoding="UTF-8"?>
<!-- Generated by org.testng.reporters.JUnitReportReporter -->
<testsuite hostname="MilanThakkar" failures="0" tests="1" name="tests.Transactions" time="3.033" errors="0" timestamp="2024-12-23T00:05:53 EST" skipped="0">
  <testcase classname="tests.Transactions" name="verifyDepositFunctionality" time="3.033"/>
</testsuite> <!-- tests.Transactions -->
