<?xml version="1.0" encoding="UTF-8"?>
<!-- Generated by org.testng.reporters.JUnitReportReporter -->
<testsuite hostname="MilanThakkar" failures="0" tests="2" name="tests.TS02VerifyCustomerFunctionality" time="1.803" errors="0" timestamp="2025-01-11T23:22:18 EST" skipped="0">
  <testcase classname="tests.TS02VerifyCustomerFunctionality" name="verifycustomerDisplayedInCustomersPage" time="0.622"/>
  <testcase classname="tests.TS02VerifyCustomerFunctionality" name="verifyAddCustomer" time="1.181"/>
</testsuite> <!-- tests.TS02VerifyCustomerFunctionality -->
