<?xml version="1.0" encoding="UTF-8"?>
<!-- Generated by org.testng.reporters.JUnitReportReporter -->
<testsuite hostname="MilanThakkar" failures="0" tests="2" name="tests.TS01VerifyTransactions" time="2.708" errors="0" timestamp="2025-01-11T23:22:18 EST" skipped="0">
  <testcase classname="tests.TS01VerifyTransactions" name="verifyWithDrawlFunctionality" time="0.647"/>
  <testcase classname="tests.TS01VerifyTransactions" name="verifyDepositFunctionality" time="2.061"/>
</testsuite> <!-- tests.TS01VerifyTransactions -->
