<?xml version="1.0" encoding="UTF-8"?>
<!-- Generated by org.testng.reporters.JUnitReportReporter -->
<testsuite hostname="MilanThakkar" failures="0" tests="1" name="tests.TS02VerifyCustomerFunctionality" time="1.120" errors="0" timestamp="2025-01-09T23:24:59 EST" skipped="0">
  <testcase classname="tests.TS02VerifyCustomerFunctionality" name="verifyAddCustomer" time="1.120"/>
</testsuite> <!-- tests.TS02VerifyCustomerFunctionality -->
