<?xml version="1.0" encoding="UTF-8"?>
<!-- Generated by org.testng.reporters.JUnitReportReporter -->
<testsuite hostname="MilanThakkar" failures="0" tests="2" name="tests.TS01VerifyTransactions" time="2.208" errors="0" timestamp="2025-01-14T21:54:51 EST" skipped="0">
  <testcase classname="tests.TS01VerifyTransactions" name="verifyWithDrawlFunctionality" time="0.658"/>
  <testcase classname="tests.TS01VerifyTransactions" name="verifyDepositFunctionality" time="1.550"/>
</testsuite> <!-- tests.TS01VerifyTransactions -->
