<?xml version="1.0" encoding="UTF-8"?>
<!-- Generated by org.testng.reporters.JUnitReportReporter -->
<testsuite hostname="MilanThakkar" failures="0" tests="2" name="tests.TS02VerifyCustomerFunctionality" time="1.826" errors="0" timestamp="2025-01-14T21:54:51 EST" skipped="0">
  <testcase classname="tests.TS02VerifyCustomerFunctionality" name="verifycustomerDisplayedInCustomersPage" time="0.613"/>
  <testcase classname="tests.TS02VerifyCustomerFunctionality" name="verifyAddCustomer" time="1.213"/>
</testsuite> <!-- tests.TS02VerifyCustomerFunctionality -->
