<?xml version="1.0" encoding="UTF-8"?>
<!-- Generated by org.testng.reporters.JUnitReportReporter -->
<testsuite hostname="MilanThakkar" failures="0" tests="1" name="tests.TS01VerifyTransactions" time="4.436" errors="0" timestamp="2024-12-24T13:52:52 EST" skipped="0">
  <testcase classname="tests.TS01VerifyTransactions" name="verifyDepositFunctionality" time="4.436"/>
</testsuite> <!-- tests.TS01VerifyTransactions -->
